\BOOKMARK [1][-]{section.1}{\376\377\000I\000n\000t\000r\000o\000d\000u\000c\000c\000i\000\363\000n}{}% 1
\BOOKMARK [2][-]{subsection.1.1}{\376\377\000O\000b\000j\000e\000t\000i\000v\000o\000s\000\040\000d\000e\000l\000\040\000S\000o\000f\000t\000w\000a\000r\000e}{section.1}% 2
\BOOKMARK [2][-]{subsection.1.2}{\376\377\000B\000a\000s\000e\000\040\000T\000e\000\363\000r\000i\000c\000a\000\040\000y\000\040\000R\000i\000g\000u\000r\000o\000s\000i\000d\000a\000d}{section.1}% 3
\BOOKMARK [1][-]{section.2}{\376\377\000A\000r\000q\000u\000i\000t\000e\000c\000t\000u\000r\000a\000\040\000d\000e\000l\000\040\000S\000i\000s\000t\000e\000m\000a}{}% 4
\BOOKMARK [2][-]{subsection.2.1}{\376\377\000T\000e\000c\000n\000o\000l\000o\000g\000\355\000a\000s\000\040\000E\000m\000p\000l\000e\000a\000d\000a\000s}{section.2}% 5
\BOOKMARK [1][-]{section.3}{\376\377\000M\000\363\000d\000u\000l\000o\000s\000\040\000y\000\040\000H\000e\000r\000r\000a\000m\000i\000e\000n\000t\000a\000s\000\040\000A\000n\000a\000l\000\355\000t\000i\000c\000a\000s}{}% 6
\BOOKMARK [2][-]{subsection.3.1}{\376\377\000C\000\341\000l\000c\000u\000l\000o\000s\000\040\000B\000\341\000s\000i\000c\000o\000s\000\040\000y\000\040\000N\000o\000r\000m\000a\000t\000i\000v\000a}{section.3}% 7
\BOOKMARK [3][-]{subsubsection.3.1.1}{\376\377\000B\000a\000s\000e\000\040\000d\000e\000\040\000D\000a\000t\000o\000s\000\040\000y\000\040\000C\000l\000a\000s\000i\000f\000i\000c\000a\000c\000i\000\363\000n\000\040\000N\000o\000r\000m\000a\000t\000i\000v\000a}{subsection.3.1}% 8
\BOOKMARK [3][-]{subsubsection.3.1.2}{\376\377\000A\000n\000\341\000l\000i\000s\000i\000s\000\040\000d\000e\000\040\000M\000a\000t\000e\000r\000i\000a\000l\000e\000s\000\040\000C\000o\000n\000d\000u\000c\000t\000o\000r\000e\000s}{subsection.3.1}% 9
\BOOKMARK [3][-]{subsubsection.3.1.3}{\376\377\000E\000s\000t\000u\000d\000i\000o\000\040\000d\000e\000\040\000A\000i\000s\000l\000a\000m\000i\000e\000n\000t\000o\000s\000:\000\040\000P\000V\000C\000\040\000v\000s\000\040\000X\000L\000P\000E}{subsection.3.1}% 10
\BOOKMARK [3][-]{subsubsection.3.1.4}{\376\377\000L\000a\000b\000o\000r\000a\000t\000o\000r\000i\000o\000\040\000d\000e\000\040\000C\000\341\000l\000c\000u\000l\000o}{subsection.3.1}% 11
\BOOKMARK [3][-]{subsubsection.3.1.5}{\376\377\000A\000s\000i\000s\000t\000e\000n\000t\000e\000\040\000I\000n\000t\000e\000l\000i\000g\000e\000n\000t\000e\000\040\000d\000e\000\040\000D\000i\000s\000e\000\361\000o}{subsection.3.1}% 12
\BOOKMARK [2][-]{subsection.3.2}{\376\377\000L\000\355\000n\000e\000a\000s\000\040\000d\000e\000\040\000A\000l\000t\000a\000\040\000P\000o\000t\000e\000n\000c\000i\000a\000\040\000\050\000C\000\341\000l\000c\000u\000l\000o\000\040\000A\000v\000a\000n\000z\000a\000d\000o\000\051}{section.3}% 13
\BOOKMARK [3][-]{subsubsection.3.2.1}{\376\377\000A\000m\000p\000a\000c\000i\000d\000a\000d\000\040\000T\000\351\000r\000m\000i\000c\000a\000\040\000e\000\040\000I\000n\000t\000e\000r\000c\000a\000m\000b\000i\000o\000\040\000d\000e\000\040\000C\000a\000l\000o\000r}{subsection.3.2}% 14
\BOOKMARK [3][-]{subsubsection.3.2.2}{\376\377\000C\000a\000\355\000d\000a\000\040\000d\000e\000\040\000T\000e\000n\000s\000i\000\363\000n\000\040\000\050\000M\000\351\000t\000o\000d\000o\000\040\000d\000e\000\040\000B\000l\000o\000n\000d\000e\000l\000\051}{subsection.3.2}% 15
\BOOKMARK [3][-]{subsubsection.3.2.3}{\376\377\000O\000p\000t\000i\000m\000i\000z\000a\000c\000i\000\363\000n\000\040\000E\000c\000o\000n\000\363\000m\000i\000c\000a\000\040\000m\000e\000d\000i\000a\000n\000t\000e\000\040\000L\000C\000C}{subsection.3.2}% 16
\BOOKMARK [2][-]{subsection.3.3}{\376\377\000T\000o\000p\000o\000l\000o\000g\000\355\000a\000\040\000y\000\040\000D\000i\000m\000e\000n\000s\000i\000o\000n\000a\000d\000o\000\040\000d\000e\000\040\000R\000e\000d\000e\000s}{section.3}% 17
\BOOKMARK [3][-]{subsubsection.3.3.1}{\376\377\000C\000o\000n\000f\000i\000g\000u\000r\000a\000c\000i\000o\000n\000e\000s\000\040\000T\000o\000p\000o\000l\000\363\000g\000i\000c\000a\000s\000\040\000S\000o\000p\000o\000r\000t\000a\000d\000a\000s}{subsection.3.3}% 18
\BOOKMARK [3][-]{subsubsection.3.3.2}{\376\377\000D\000i\000m\000e\000n\000s\000i\000o\000n\000a\000m\000i\000e\000n\000t\000o\000\040\000b\000a\000s\000a\000d\000o\000\040\000e\000n\000\040\000M\000o\000m\000e\000n\000t\000o\000s\000\040\000A\000c\000t\000i\000v\000o\000s}{subsection.3.3}% 19
\BOOKMARK [3][-]{subsubsection.3.3.3}{\376\377\000P\000e\000r\000f\000i\000l\000e\000s\000\040\000d\000e\000\040\000T\000e\000n\000s\000i\000\363\000n\000\040\000y\000\040\000V\000i\000s\000o\000r\000\040\000E\000s\000q\000u\000e\000m\000\341\000t\000i\000c\000o}{subsection.3.3}% 20
\BOOKMARK [2][-]{subsection.3.4}{\376\377\000P\000r\000i\000n\000c\000i\000p\000i\000o\000s\000\040\000d\000e\000l\000\040\000E\000l\000e\000c\000t\000r\000o\000m\000a\000g\000n\000e\000t\000i\000s\000m\000o}{section.3}% 21
\BOOKMARK [3][-]{subsubsection.3.4.1}{\376\377\000C\000a\000m\000p\000o\000\040\000M\000a\000g\000n\000\351\000t\000i\000c\000o\000\040\000y\000\040\000L\000e\000y\000\040\000d\000e\000\040\000A\000m\000p\000\350\000r\000e}{subsection.3.4}% 22
\BOOKMARK [3][-]{subsubsection.3.4.2}{\376\377\000M\000a\000t\000e\000r\000i\000a\000l\000e\000s\000\040\000M\000a\000g\000n\000\351\000t\000i\000c\000o\000s\000,\000\040\000H\000i\000s\000t\000\351\000r\000e\000s\000i\000s\000\040\000y\000\040\000P\000\351\000r\000d\000i\000d\000a\000s}{subsection.3.4}% 23
\BOOKMARK [3][-]{subsubsection.3.4.3}{\376\377\000R\000e\000s\000o\000l\000u\000c\000i\000\363\000n\000\040\000d\000e\000\040\000C\000i\000r\000c\000u\000i\000t\000o\000s\000\040\000M\000a\000g\000n\000\351\000t\000i\000c\000o\000s\000\040\000\050\000H\000o\000p\000k\000i\000n\000s\000o\000n\000\051}{subsection.3.4}% 24
\BOOKMARK [2][-]{subsection.3.5}{\376\377\000M\000\341\000q\000u\000i\000n\000a\000s\000\040\000A\000s\000\355\000n\000c\000r\000o\000n\000a\000s\000\040\000\050\000M\000o\000t\000o\000r\000e\000s\000\040\000d\000e\000\040\000I\000n\000d\000u\000c\000c\000i\000\363\000n\000\051}{section.3}% 25
\BOOKMARK [3][-]{subsubsection.3.5.1}{\376\377\000T\000e\000o\000r\000e\000m\000a\000\040\000d\000e\000\040\000F\000e\000r\000r\000a\000r\000i\000s\000\040\000y\000\040\000C\000a\000m\000p\000o\000\040\000M\000a\000g\000n\000\351\000t\000i\000c\000o\000\040\000G\000i\000r\000a\000t\000o\000r\000i\000o}{subsection.3.5}% 26
\BOOKMARK [3][-]{subsubsection.3.5.2}{\376\377\000C\000i\000n\000e\000m\000\341\000t\000i\000c\000a\000\040\000d\000e\000l\000\040\000R\000o\000t\000o\000r\000\040\000y\000\040\000C\000o\000n\000c\000e\000p\000t\000o\000\040\000d\000e\000\040\000D\000e\000s\000l\000i\000z\000a\000m\000i\000e\000n\000t\000o}{subsection.3.5}% 27
\BOOKMARK [3][-]{subsubsection.3.5.3}{\376\377\000C\000i\000r\000c\000u\000i\000t\000o\000\040\000E\000q\000u\000i\000v\000a\000l\000e\000n\000t\000e\000\040\000\050\000M\000o\000d\000e\000l\000o\000\040\000T\000\351\000r\000m\000i\000c\000o\000\040\000d\000e\000\040\000S\000t\000e\000i\000n\000m\000e\000t\000z\000\051}{subsection.3.5}% 28
\BOOKMARK [3][-]{subsubsection.3.5.4}{\376\377\000A\000n\000\341\000l\000i\000s\000i\000s\000\040\000D\000i\000n\000\341\000m\000i\000c\000o\000\040\000d\000e\000\040\000l\000a\000\040\000C\000u\000r\000v\000a\000\040\000P\000a\000r\000-\000V\000e\000l\000o\000c\000i\000d\000a\000d}{subsection.3.5}% 29
\BOOKMARK [3][-]{subsubsection.3.5.5}{\376\377\000B\000a\000l\000a\000n\000c\000e\000s\000\040\000E\000n\000e\000r\000g\000\351\000t\000i\000c\000o\000s\000\040\000y\000\040\000A\000u\000d\000i\000t\000o\000r\000\355\000a\000\040\000d\000e\000\040\000F\000l\000u\000j\000o\000\040\000T\000\351\000r\000m\000i\000c\000o}{subsection.3.5}% 30
\BOOKMARK [3][-]{subsubsection.3.5.6}{\376\377\000D\000i\000s\000e\000\361\000o\000\040\000d\000e\000\040\000D\000e\000v\000a\000n\000a\000d\000o\000s\000\040\000y\000\040\000P\000l\000a\000c\000a\000\040\000d\000e\000\040\000C\000a\000r\000a\000c\000t\000e\000r\000\355\000s\000t\000i\000c\000a\000s}{subsection.3.5}% 31
\BOOKMARK [2][-]{subsection.3.6}{\376\377\000M\000o\000t\000o\000r\000e\000s\000\040\000d\000e\000\040\000C\000o\000r\000r\000i\000e\000n\000t\000e\000\040\000C\000o\000n\000t\000i\000n\000u\000a\000\040\000\050\000D\000C\000\051}{section.3}% 32
\BOOKMARK [3][-]{subsubsection.3.6.1}{\376\377\000P\000r\000i\000n\000c\000i\000p\000i\000o\000s\000\040\000F\000u\000n\000d\000a\000m\000e\000n\000t\000a\000l\000e\000s\000\040\000y\000\040\000M\000o\000r\000f\000o\000l\000o\000g\000\355\000a}{subsection.3.6}% 33
\BOOKMARK [3][-]{subsubsection.3.6.2}{\376\377\000E\000c\000u\000a\000c\000i\000o\000n\000e\000s\000\040\000F\000u\000n\000d\000a\000m\000e\000n\000t\000a\000l\000e\000s\000\040\000y\000\040\000B\000a\000l\000a\000n\000c\000e\000\040\000E\000n\000e\000r\000g\000\351\000t\000i\000c\000o}{subsection.3.6}% 34
\BOOKMARK [3][-]{subsubsection.3.6.3}{\376\377\000E\000x\000c\000i\000t\000a\000c\000i\000\363\000n\000\040\000y\000\040\000M\000o\000d\000o\000s\000\040\000d\000e\000\040\000C\000o\000n\000e\000x\000i\000\363\000n}{subsection.3.6}% 35
\BOOKMARK [3][-]{subsubsection.3.6.4}{\376\377\000C\000o\000n\000t\000r\000o\000l\000\040\000d\000e\000\040\000V\000e\000l\000o\000c\000i\000d\000a\000d\000\040\000y\000\040\000C\000u\000r\000v\000a\000s\000\040\000C\000a\000r\000a\000c\000t\000e\000r\000\355\000s\000t\000i\000c\000a\000s}{subsection.3.6}% 36
\BOOKMARK [3][-]{subsubsection.3.6.5}{\376\377\000T\000r\000a\000n\000s\000i\000t\000o\000r\000i\000o\000s\000\040\000C\000r\000\355\000t\000i\000c\000o\000s\000:\000\040\000E\000l\000\040\000A\000r\000r\000a\000n\000q\000u\000e}{subsection.3.6}% 37
\BOOKMARK [3][-]{subsubsection.3.6.6}{\376\377\000O\000p\000e\000r\000a\000c\000i\000\363\000n\000\040\000e\000n\000\040\000C\000u\000a\000t\000r\000o\000\040\000C\000u\000a\000d\000r\000a\000n\000t\000e\000s}{subsection.3.6}% 38
\BOOKMARK [2][-]{subsection.3.7}{\376\377\000M\000\341\000q\000u\000i\000n\000a\000s\000\040\000S\000\355\000n\000c\000r\000o\000n\000a\000s\000\040\000\050\000A\000l\000t\000e\000r\000n\000a\000d\000o\000r\000e\000s\000\040\000y\000\040\000M\000o\000t\000o\000r\000e\000s\000\051}{section.3}% 39
\BOOKMARK [3][-]{subsubsection.3.7.1}{\376\377\000F\000u\000n\000d\000a\000m\000e\000n\000t\000o\000\040\000D\000u\000a\000l\000\040\000y\000\040\000S\000i\000n\000c\000r\000o\000n\000i\000s\000m\000o}{subsection.3.7}% 40
\BOOKMARK [3][-]{subsubsection.3.7.2}{\376\377\000M\000o\000d\000e\000l\000o\000\040\000C\000i\000r\000c\000u\000i\000t\000a\000l\000\040\000y\000\040\000R\000e\000a\000c\000t\000a\000n\000c\000i\000a\000\040\000S\000\355\000n\000c\000r\000o\000n\000a}{subsection.3.7}% 41
\BOOKMARK [3][-]{subsubsection.3.7.3}{\376\377\000D\000i\000a\000g\000r\000a\000m\000a\000s\000\040\000F\000a\000s\000o\000r\000i\000a\000l\000e\000s\000\040\000y\000\040\000G\000e\000s\000t\000i\000\363\000n\000\040\000d\000e\000\040\000P\000o\000t\000e\000n\000c\000i\000a\000\040\000R\000e\000a\000c\000t\000i\000v\000a}{subsection.3.7}% 42
\BOOKMARK [3][-]{subsubsection.3.7.4}{\376\377\000C\000u\000r\000v\000a\000s\000\040\000d\000e\000\040\000M\000o\000r\000d\000e\000y\000\040\000\050\000C\000u\000r\000v\000a\000s\000\040\000e\000n\000\040\000V\000\051}{subsection.3.7}% 43
\BOOKMARK [3][-]{subsubsection.3.7.5}{\376\377\000L\000\355\000m\000i\000t\000e\000s\000\040\000d\000e\000\040\000E\000s\000t\000a\000b\000i\000l\000i\000d\000a\000d\000\040\000y\000\040\000R\000i\000e\000s\000g\000o\000\040\000d\000e\000\040\000D\000e\000s\000e\000n\000g\000a\000n\000c\000h\000e}{subsection.3.7}% 44
